c:\paul\university\visual studio workspace\myframework\myframework\debug\vc120.pdb
c:\paul\university\visual studio workspace\myframework\myframework\debug\vc120.idb
c:\paul\university\visual studio workspace\myframework\myframework\debug\gamepausedmenu.obj
c:\paul\university\visual studio workspace\myframework\myframework\debug\maingame.obj
c:\paul\university\visual studio workspace\myframework\myframework\debug\mainmenu.obj
c:\paul\university\visual studio workspace\myframework\myframework\debug\menuhandler.obj
c:\paul\university\visual studio workspace\myframework\myframework\debug\optionsmanager.obj
c:\paul\university\visual studio workspace\myframework\myframework\debug\optionsmenu.obj
c:\paul\university\visual studio workspace\myframework\myframework\debug\buttoncomponent.obj
c:\paul\university\visual studio workspace\myframework\myframework\debug\checkboxcomponent.obj
c:\paul\university\visual studio workspace\myframework\myframework\debug\component.obj
c:\paul\university\visual studio workspace\myframework\myframework\debug\object.obj
c:\paul\university\visual studio workspace\myframework\myframework\debug\objecthelpers.obj
c:\paul\university\visual studio workspace\myframework\myframework\debug\playermovementcomponent.obj
c:\paul\university\visual studio workspace\myframework\myframework\debug\scene.obj
c:\paul\university\visual studio workspace\myframework\myframework\debug\spritecomponent.obj
c:\paul\university\visual studio workspace\myframework\myframework\debug\spritesheetcomponent.obj
c:\paul\university\visual studio workspace\myframework\myframework\debug\textcomponent.obj
c:\paul\university\visual studio workspace\myframework\myframework\debug\tinystr.obj
c:\paul\university\visual studio workspace\myframework\myframework\debug\tinyxml.obj
c:\paul\university\visual studio workspace\myframework\myframework\debug\tinyxmlerror.obj
c:\paul\university\visual studio workspace\myframework\myframework\debug\tinyxmlparser.obj
c:\paul\university\visual studio workspace\myframework\myframework\debug\app.obj
c:\paul\university\visual studio workspace\myframework\myframework\debug\consolecommandshandler.obj
c:\paul\university\visual studio workspace\myframework\myframework\debug\consolecomponent.obj
c:\paul\university\visual studio workspace\myframework\myframework\debug\consoleinputhandler.obj
c:\paul\university\visual studio workspace\myframework\myframework\debug\componentcreator.obj
c:\paul\university\visual studio workspace\myframework\myframework\debug\componentcreatorimpl.obj
c:\paul\university\visual studio workspace\myframework\myframework\debug\componentfactory.obj
c:\paul\university\visual studio workspace\myframework\myframework\debug\helpers.obj
c:\paul\university\visual studio workspace\myframework\myframework\debug\input.obj
c:\paul\university\visual studio workspace\myframework\myframework\debug\main.obj
c:\paul\university\visual studio workspace\myframework\myframework\debug\rng.obj
c:\paul\university\visual studio workspace\myframework\debug\myframework.ilk
c:\paul\university\visual studio workspace\myframework\debug\myframework.exe
c:\paul\university\visual studio workspace\myframework\debug\myframework.pdb
c:\paul\university\visual studio workspace\myframework\myframework\debug\myframework.res
c:\paul\university\visual studio workspace\myframework\myframework\debug\myframework.tlog\cl.command.1.tlog
c:\paul\university\visual studio workspace\myframework\myframework\debug\myframework.tlog\cl.read.1.tlog
c:\paul\university\visual studio workspace\myframework\myframework\debug\myframework.tlog\cl.write.1.tlog
c:\paul\university\visual studio workspace\myframework\myframework\debug\myframework.tlog\link.command.1.tlog
c:\paul\university\visual studio workspace\myframework\myframework\debug\myframework.tlog\link.read.1.tlog
c:\paul\university\visual studio workspace\myframework\myframework\debug\myframework.tlog\link.write.1.tlog
c:\paul\university\visual studio workspace\myframework\myframework\debug\myframework.tlog\rc.command.1.tlog
c:\paul\university\visual studio workspace\myframework\myframework\debug\myframework.tlog\rc.read.1.tlog
c:\paul\university\visual studio workspace\myframework\myframework\debug\myframework.tlog\rc.write.1.tlog
