Build started 26/09/2015 15:04:52.
     1>Project "C:\PAUL\University\Visual Studio Workspace\PongGame\PongGame\PongGame.vcxproj" on node 2 (Rebuild target(s)).
     1>C:\Program Files (x86)\MSBuild\Microsoft.Cpp\v4.0\V120\Microsoft.CppBuild.targets(381,5): warning MSB8028: The intermediate directory (Debug\) contains files shared from another project (MyGame.vcxproj).  This can lead to incorrect clean and rebuild behavior.
     1>ClCompile:
         C:\PAUL\University\Visual Studio\VC\bin\CL.exe /c /I"C:\PAUL\University\C++ libraries\SFML-2.3.1\include" /ZI /nologo /W3 /WX- /sdl /Od /Oy- /D SFML_DYNAMIC /D WIN32 /D _DEBUG /D _CONSOLE /D _LIB /D _UNICODE /D UNICODE /Gm /EHsc /RTC1 /MDd /GS /fp:precise /Zc:wchar_t /Zc:forScope /Fo"Debug\\" /Fd"Debug\vc120.pdb" /Gd /TP /analyze- /errorReport:prompt App.cpp Ball.cpp Input.cpp Racquet.cpp Source.cpp
         Source.cpp
         Racquet.cpp
         Input.cpp
     1>c:\paul\university\visual studio workspace\ponggame\ponggame\input.cpp(52): warning C4244: '=' : conversion from 'int' to 'float', possible loss of data
     1>c:\paul\university\visual studio workspace\ponggame\ponggame\input.cpp(53): warning C4244: '=' : conversion from 'int' to 'float', possible loss of data
         Ball.cpp
         App.cpp
     1>c:\paul\university\visual studio workspace\ponggame\ponggame\app.cpp(18): warning C4244: 'argument' : conversion from 'float' to 'unsigned int', possible loss of data
         Generating Code...
       Link:
         C:\PAUL\University\Visual Studio\VC\bin\link.exe /ERRORREPORT:PROMPT /OUT:"C:\PAUL\University\Visual Studio Workspace\PongGame\PongGame\Debug\PongGame.exe" /INCREMENTAL /NOLOGO /LIBPATH:"C:\PAUL\University\C++ libraries\SFML-2.3.1\lib" "sfml-window-d.lib" "sfml-graphics-d.lib" "sfml-system-d.lib" kernel32.lib user32.lib gdi32.lib winspool.lib comdlg32.lib advapi32.lib shell32.lib ole32.lib oleaut32.lib uuid.lib odbc32.lib odbccp32.lib kernel32.lib user32.lib gdi32.lib winspool.lib comdlg32.lib advapi32.lib shell32.lib ole32.lib oleaut32.lib uuid.lib odbc32.lib odbccp32.lib /MANIFEST /MANIFESTUAC:"level='asInvoker' uiAccess='false'" /manifest:embed /DEBUG /PDB:"C:\PAUL\University\Visual Studio Workspace\PongGame\PongGame\Debug\PongGame.pdb" /SUBSYSTEM:CONSOLE /TLBID:1 /DYNAMICBASE /NXCOMPAT /IMPLIB:"C:\PAUL\University\Visual Studio Workspace\PongGame\PongGame\Debug\PongGame.lib" /MACHINE:X86 Debug\App.obj
         Debug\Ball.obj
         Debug\Input.obj
         Debug\Racquet.obj
         Debug\Source.obj
         PongGame.vcxproj -> C:\PAUL\University\Visual Studio Workspace\PongGame\PongGame\Debug\PongGame.exe
     1>Done Building Project "C:\PAUL\University\Visual Studio Workspace\PongGame\PongGame\PongGame.vcxproj" (Rebuild target(s)).

Build succeeded.

Time Elapsed 00:00:04.35
